Arguments: 
  /Users/goorm/.nvm/versions/node/v18.15.0/bin/node /Users/goorm/.nvm/versions/node/v18.15.0/bin/yarn workspace frontend dev

PATH: 
  /Users/goorm/.nvm/versions/node/v18.15.0/bin:/opt/homebrew/bin:/opt/homebrew/bin:/opt/homebrew/sbin:/usr/local/bin:/usr/bin:/bin:/usr/sbin:/sbin:/Users/goorm/.nvm/versions/node/v18.15.0/bin:/opt/homebrew/bin:/opt/homebrew/sbin

Yarn version: 
  1.22.19

Node version: 
  18.15.0

Platform: 
  darwin arm64

Trace: 
  SyntaxError: /Users/goorm/react/doffy-project/package.json: Unexpected token } in JSON at position 314
      at JSON.parse (<anonymous>)
      at /Users/goorm/.nvm/versions/node/v18.15.0/lib/node_modules/yarn/lib/cli.js:1629:59
      at Generator.next (<anonymous>)
      at step (/Users/goorm/.nvm/versions/node/v18.15.0/lib/node_modules/yarn/lib/cli.js:310:30)
      at /Users/goorm/.nvm/versions/node/v18.15.0/lib/node_modules/yarn/lib/cli.js:321:13

npm manifest: 
  {
    "private": true,
    "name": "frontend",
    "version": "1.0.0",
    "description": "Frontend App",
    "author": "doffy",
    "homepage": "https://github.com/Team-Doffy/doffy-project#readme",
    "license": "ISC",
    "main": "lib/frontend.js",
    "type": "module",
    "directories": {
      "lib": "lib",
      "test": "__tests__"
    },
    "files": [
      "lib"
    ],
    "repository": {
      "type": "git",
      "url": "git+https://github.com/Team-Doffy/doffy-project.git"
    },
    "scripts": {
  		"dev": "next dev",
  		"cypress-dev": "next dev",
  		"build": "next build",
  		"start": "next start",
  		"lint": "next lint",
  		"test": "jest --watchAll",
  		"cypress": "cypress open",
  		"e2e": "start-server-and-test cypress-dev http://localhost:3000 \"cypress open --e2e\""
  	},
    "bugs": {
      "url": "https://github.com/Team-Doffy/doffy-project/issues"
    },
    "dependencies": {
  		"@tanstack/react-query": "^4.24.10",
  		"@types/jest": "^29.4.0",
  		"@types/node": "18.14.2",
  		"@types/react": "18.0.28",
  		"@types/react-dom": "18.0.11",
  		"cypress": "^12.7.0",
  		"next": "^13.2.2",
  		"react": "18.2.0",
  		"react-dom": "18.2.0",
  		"typescript": "4.9.5",
  		"zustand": "^4.3.5"
  	},
  	"devDependencies": {
  		"@cypress/vite-dev-server": "^5.0.4",
  		"@cypress/webpack-preprocessor": "^5.17.0",
  		"@next/eslint-plugin-next": "^13.2.3",
  		"@testing-library/cypress": "^9.0.0",
  		"@testing-library/jest-dom": "^5.16.5",
  		"@testing-library/react": "^14.0.0",
  		"@testing-library/user-event": "^14.4.3",
  		"@typescript-eslint/eslint-plugin": "^5.54.0",
  		"@typescript-eslint/parser": "^5.54.0",
  		"@vitejs/plugin-react-swc": "^3.2.0",
  		"autoprefixer": "^10.4.14",
  		"concurrently": "^7.6.0",
  		"eslint": "8.35.0",
  		"eslint-config-airbnb": "^19.0.4",
  		"eslint-config-airbnb-typescript": "^17.0.0",
  		"eslint-config-next": "13.2.2",
  		"eslint-config-prettier": "^8.6.0",
  		"eslint-config-react": "^1.1.7",
  		"eslint-plugin-import": "^2.27.5",
  		"eslint-plugin-jest": "^27.2.1",
  		"eslint-plugin-jsx-a11y": "^6.7.1",
  		"eslint-plugin-prettier": "^4.2.1",
  		"eslint-plugin-react": "^7.32.2",
  		"eslint-plugin-react-hooks": "^4.6.0",
  		"eslint-plugin-simple-import-sort": "^10.0.0",
  		"jest": "^29.4.3",
  		"jest-environment-jsdom": "^29.4.3",
  		"postcss": "^8.4.21",
  		"prettier": "^2.8.4",
  		"start-server-and-test": "^2.0.0",
  		"tailwindcss": "^3.2.7",
  		"ts-jest": "^29.0.5"
  	},
  	"lint-staged": {
  		"*.{ts,tsx}": [
  			"prettier --write",
  			"eslint --fix"
  		]
  	}
  }

yarn manifest: 
  No manifest

Lockfile: 
  No lockfile
